<?xml version="1.0" encoding="UTF-8"?>
<testng-results ignored="0" total="0" passed="0" failed="0" skipped="0">
  <reporter-output>
  </reporter-output>
  <suite started-at="2020-06-12T12:15:43 EDT" name="UHC Automation Script" finished-at="2020-06-12T12:15:43 EDT" duration-ms="16">
    <groups>
    </groups>
    <test started-at="2020-06-12T12:15:43 EDT" name="HomePage" finished-at="2020-06-12T12:15:43 EDT" duration-ms="16">
    </test> <!-- HomePage -->
  </suite> <!-- UHC Automation Script -->
</testng-results>
