<?xml version="1.0" encoding="UTF-8"?>
<testng-results ignored="0" total="0" passed="0" failed="0" skipped="0">
  <reporter-output>
  </reporter-output>
  <suite started-at="2020-06-12T05:26:54 EDT" name="CNN Automation Script" finished-at="2020-06-12T05:26:54 EDT" duration-ms="19">
    <groups>
    </groups>
    <test started-at="2020-06-12T05:26:54 EDT" name="HomePage" finished-at="2020-06-12T05:26:54 EDT" duration-ms="19">
    </test> <!-- HomePage -->
  </suite> <!-- CNN Automation Script -->
</testng-results>
