<?xml version="1.0" encoding="UTF-8"?>
<testng-results ignored="0" total="0" passed="0" failed="0" skipped="0">
  <reporter-output>
  </reporter-output>
  <suite started-at="2020-06-12T05:27:04 EDT" name="TD Bank Automation Script" finished-at="2020-06-12T05:27:04 EDT" duration-ms="23">
    <groups>
    </groups>
    <test started-at="2020-06-12T05:27:04 EDT" name="HomePage" finished-at="2020-06-12T05:27:04 EDT" duration-ms="23">
    </test> <!-- HomePage -->
  </suite> <!-- TD Bank Automation Script -->
</testng-results>
